{"name": "test_sauce_demo_search[user_data2]", "status": "failed", "statusDetails": {"message": "Failed: Test failed for Brown Shades: Message:", "trace": "driver = <selenium.webdriver.chrome.webdriver.WebDriver (session=\"7949711c43da09302627e308be0167ee\")>\nuser_data = {'path': \"//h3[normalize-space()='Brown Shades']\", 'search_term': 'Brown Shades'}\n\n    @allure.feature(\"Shopping Cart\")\n    @allure.story(\"Search and Add to Cart\")\n    @pytest.mark.parametrize(\"user_data\", [\n        {\"search_term\": \"Grey Jacket\", \"path\": \"//h3[normalize-space()='Grey jacket']\"},\n        {\"search_term\": \"Black heels\", \"path\": \"//h3[normalize-space()='Black heels']\"},\n        {\"search_term\": \"Brown Shades\", \"path\": \"//h3[normalize-space()='Brown Shades']\"}\n    ])\n    def test_sauce_demo_search(driver, user_data):\n        \"\"\"\n        This test runs separately for each item in the parametrization list.\n        \"\"\"\n        # Selectors\n        SEARCH_FIELD = \"//input[@id='search-field']\"\n        SEARCH_SUBMIT = \"//input[@id='search-submit']\"\n        ADD_TO_CART = \"//input[@id='add']\"\n        CHECKOUT_BTN = \"//a[normalize-space()='Check Out']\"\n    \n        try:\n            with allure.step(f\"Testing search for: {user_data['search_term']}\"):\n                driver.get('https://sauce-demo.myshopify.com/')\n    \n                # Perform Search\n                click_element(driver, SEARCH_FIELD)\n                send_keys_to_element(driver, SEARCH_FIELD, user_data['search_term'])\n                click_element(driver, SEARCH_SUBMIT)\n    \n                # Select Product\n                click_element(driver, user_data['path'])\n    \n                # Add to Cart\n>               click_element(driver, ADD_TO_CART)\n\n.idea\\test_allure.py:89: \n_ _ _ _ _ _ _ _ _ _ _ _ _ _ _ _ _ _ _ _ _ _ _ _ _ _ _ _ _ _ _ _ _ _ _ _ _ _ _ _ _ _ _ _ _ _ _ _ _ _ _ _ _ _ _ _ _ _ _ _ _ _ _ _ _ _ _ _ _ _ _ _ _ _ _ _ _ _ _ _ _ _ _ _ _ _ _ _ _ _\n.idea\\test_allure.py:17: in click_element\n    element = wait.until(EC.element_to_be_clickable((By.XPATH, xpath)))\n              ^^^^^^^^^^^^^^^^^^^^^^^^^^^^^^^^^^^^^^^^^^^^^^^^^^^^^^^^^\n_ _ _ _ _ _ _ _ _ _ _ _ _ _ _ _ _ _ _ _ _ _ _ _ _ _ _ _ _ _ _ _ _ _ _ _ _ _ _ _ _ _ _ _ _ _ _ _ _ _ _ _ _ _ _ _ _ _ _ _ _ _ _ _ _ _ _ _ _ _ _ _ _ _ _ _ _ _ _ _ _ _ _ _ _ _ _ _ _ _\n\nself = <selenium.webdriver.support.wait.WebDriverWait (session=\"7949711c43da09302627e308be0167ee\")>\nmethod = <function element_to_be_clickable.<locals>._predicate at 0x0000027299A72840>, message = ''\n\n    def until(self, method: Callable[[D], Literal[False] | T], message: str = \"\") -> T:\n        \"\"\"Wait until the method returns a value that is not False.\n    \n        Calls the method provided with the driver as an argument until the\n        return value does not evaluate to ``False``.\n    \n        Args:\n            method: A callable object that takes a WebDriver instance as an\n                argument.\n            message: Optional message for TimeoutException.\n    \n        Returns:\n            The result of the last call to `method`.\n    \n        Raises:\n            TimeoutException: If 'method' does not return a truthy value within\n                the WebDriverWait object's timeout.\n    \n        Example:\n            >>> from selenium.webdriver.common.by import By\n            >>> from selenium.webdriver.support.ui import WebDriverWait\n            >>> from selenium.webdriver.support import expected_conditions as EC\n            >>>\n            >>> # Wait until an element is visible on the page\n            >>> wait = WebDriverWait(driver, 10)\n            >>> element = wait.until(EC.visibility_of_element_located((By.ID, \"exampleId\")))\n            >>> print(element.text)\n        \"\"\"\n        screen = None\n        stacktrace = None\n    \n        end_time = time.monotonic() + self._timeout\n        while True:\n            try:\n                value = method(self._driver)\n                if value:\n                    return value\n            except self._ignored_exceptions as exc:\n                screen = getattr(exc, \"screen\", None)\n                stacktrace = getattr(exc, \"stacktrace\", None)\n            if time.monotonic() > end_time:\n                break\n            time.sleep(self._poll)\n>       raise TimeoutException(message, screen, stacktrace)\nE       selenium.common.exceptions.TimeoutException: Message:\n\n.venv\\Lib\\site-packages\\selenium\\webdriver\\support\\wait.py:122: TimeoutException\n\nDuring handling of the above exception, another exception occurred:\n\ndriver = <selenium.webdriver.chrome.webdriver.WebDriver (session=\"7949711c43da09302627e308be0167ee\")>\nuser_data = {'path': \"//h3[normalize-space()='Brown Shades']\", 'search_term': 'Brown Shades'}\n\n    @allure.feature(\"Shopping Cart\")\n    @allure.story(\"Search and Add to Cart\")\n    @pytest.mark.parametrize(\"user_data\", [\n        {\"search_term\": \"Grey Jacket\", \"path\": \"//h3[normalize-space()='Grey jacket']\"},\n        {\"search_term\": \"Black heels\", \"path\": \"//h3[normalize-space()='Black heels']\"},\n        {\"search_term\": \"Brown Shades\", \"path\": \"//h3[normalize-space()='Brown Shades']\"}\n    ])\n    def test_sauce_demo_search(driver, user_data):\n        \"\"\"\n        This test runs separately for each item in the parametrization list.\n        \"\"\"\n        # Selectors\n        SEARCH_FIELD = \"//input[@id='search-field']\"\n        SEARCH_SUBMIT = \"//input[@id='search-submit']\"\n        ADD_TO_CART = \"//input[@id='add']\"\n        CHECKOUT_BTN = \"//a[normalize-space()='Check Out']\"\n    \n        try:\n            with allure.step(f\"Testing search for: {user_data['search_term']}\"):\n                driver.get('https://sauce-demo.myshopify.com/')\n    \n                # Perform Search\n                click_element(driver, SEARCH_FIELD)\n                send_keys_to_element(driver, SEARCH_FIELD, user_data['search_term'])\n                click_element(driver, SEARCH_SUBMIT)\n    \n                # Select Product\n                click_element(driver, user_data['path'])\n    \n                # Add to Cart\n                click_element(driver, ADD_TO_CART)\n    \n                # Go to Checkout\n                click_element(driver, CHECKOUT_BTN)\n    \n                # Verify result with a screenshot\n                take_screenshot(driver, f\"Result_{user_data['search_term'].replace(' ', '_')}\")\n    \n        except Exception as e:\n            take_screenshot(driver, \"Failure_Screenshot\")\n>           pytest.fail(f\"Test failed for {user_data['search_term']}: {e}\")\nE           Failed: Test failed for Brown Shades: Message:\n\n.idea\\test_allure.py:99: Failed"}, "description": "\n    This test runs separately for each item in the parametrization list.\n    ", "steps": [{"name": "Testing search for: Brown Shades", "status": "broken", "statusDetails": {"message": "selenium.common.exceptions.TimeoutException: Message: \n\n", "trace": "  File \"C:\\Users\\NITRO\\Desktop\\SauceLabs\\SauceLabs\\.idea\\test_allure.py\", line 89, in test_sauce_demo_search\n    click_element(driver, ADD_TO_CART)\n  File \"C:\\Users\\NITRO\\Desktop\\SauceLabs\\SauceLabs\\.venv\\Lib\\site-packages\\allure_commons\\_allure.py\", line 202, in impl\n    return func(*a, **kw)\n           ^^^^^^^^^^^^^^\n  File \"C:\\Users\\NITRO\\Desktop\\SauceLabs\\SauceLabs\\.idea\\test_allure.py\", line 17, in click_element\n    element = wait.until(EC.element_to_be_clickable((By.XPATH, xpath)))\n              ^^^^^^^^^^^^^^^^^^^^^^^^^^^^^^^^^^^^^^^^^^^^^^^^^^^^^^^^^\n  File \"C:\\Users\\NITRO\\Desktop\\SauceLabs\\SauceLabs\\.venv\\Lib\\site-packages\\selenium\\webdriver\\support\\wait.py\", line 122, in until\n    raise TimeoutException(message, screen, stacktrace)\n"}, "steps": [{"name": "Click on element with xpath: '//input[@id='search-field']'", "status": "passed", "parameters": [{"name": "driver", "value": "<selenium.webdriver.chrome.webdriver.WebDriver (session=\"7949711c43da09302627e308be0167ee\")>"}, {"name": "xpath", "value": "'//input[@id='search-field']'"}], "start": 1768298969725, "stop": 1768298969800}, {"name": "Send keys ''Brown Shades'' on element with xpath: '//input[@id='search-field']'", "status": "passed", "parameters": [{"name": "driver", "value": "<selenium.webdriver.chrome.webdriver.WebDriver (session=\"7949711c43da09302627e308be0167ee\")>"}, {"name": "xpath", "value": "'//input[@id='search-field']'"}, {"name": "keys", "value": "'Brown Shades'"}], "start": 1768298969800, "stop": 1768298969874}, {"name": "Click on element with xpath: '//input[@id='search-submit']'", "status": "passed", "parameters": [{"name": "driver", "value": "<selenium.webdriver.chrome.webdriver.WebDriver (session=\"7949711c43da09302627e308be0167ee\")>"}, {"name": "xpath", "value": "'//input[@id='search-submit']'"}], "start": 1768298969874, "stop": 1768298970372}, {"name": "Click on element with xpath: '//h3[normalize-space()='Brown Shades']'", "status": "passed", "parameters": [{"name": "driver", "value": "<selenium.webdriver.chrome.webdriver.WebDriver (session=\"7949711c43da09302627e308be0167ee\")>"}, {"name": "xpath", "value": "'//h3[normalize-space()='Brown Shades']'"}], "start": 1768298970372, "stop": 1768298971677}, {"name": "Click on element with xpath: '//input[@id='add']'", "status": "broken", "statusDetails": {"message": "selenium.common.exceptions.TimeoutException: Message: \n\n", "trace": "  File \"C:\\Users\\NITRO\\Desktop\\SauceLabs\\SauceLabs\\.venv\\Lib\\site-packages\\allure_commons\\_allure.py\", line 202, in impl\n    return func(*a, **kw)\n           ^^^^^^^^^^^^^^\n  File \"C:\\Users\\NITRO\\Desktop\\SauceLabs\\SauceLabs\\.idea\\test_allure.py\", line 17, in click_element\n    element = wait.until(EC.element_to_be_clickable((By.XPATH, xpath)))\n              ^^^^^^^^^^^^^^^^^^^^^^^^^^^^^^^^^^^^^^^^^^^^^^^^^^^^^^^^^\n  File \"C:\\Users\\NITRO\\Desktop\\SauceLabs\\SauceLabs\\.venv\\Lib\\site-packages\\selenium\\webdriver\\support\\wait.py\", line 122, in until\n    raise TimeoutException(message, screen, stacktrace)\n"}, "parameters": [{"name": "driver", "value": "<selenium.webdriver.chrome.webdriver.WebDriver (session=\"7949711c43da09302627e308be0167ee\")>"}, {"name": "xpath", "value": "'//input[@id='add']'"}], "start": 1768298971677, "stop": 1768298982015}], "start": 1768298968545, "stop": 1768298982016}], "attachments": [{"name": "Failure_Screenshot", "source": "40abc572-0ab0-4bed-8630-5306e7a37d62-attachment.png", "type": "image/png"}], "parameters": [{"name": "user_data", "value": "{'search_term': 'Brown Shades', 'path': \"//h3[normalize-space()='Brown Shades']\"}"}], "start": 1768298968545, "stop": 1768298982113, "uuid": "95e53561-cd34-4442-88b7-3f96c73ed139", "historyId": "7e3966c59fe7450e941f8a15fc7e2b18", "testCaseId": "3fec98acb5a0a21af10af79a48106871", "fullName": ".idea.test_allure#test_sauce_demo_search", "labels": [{"name": "feature", "value": "Shopping Cart"}, {"name": "story", "value": "Search and Add to Cart"}, {"name": "parentSuite", "value": ".idea"}, {"name": "suite", "value": "test_allure"}, {"name": "host", "value": "DESKTOP-NBGBVNF"}, {"name": "thread", "value": "44516-MainThread"}, {"name": "framework", "value": "pytest"}, {"name": "language", "value": "cpython3"}, {"name": "package", "value": ".idea.test_allure"}], "titlePath": [".idea", "test_allure.py"]}